20:56:59 File ConfigAP.py [INFO] - AP Inactiva
20:56:59 File ConfigAP.py [OK] - ON
20:57:38 File ConfigAP.py [INFO] - AP Activa
20:57:38 File ConfigAP.py [OK] - OFF
20:57:45 File Wifi_Checker.py [OK] AP en estado OFF
20:57:45 File Wifi_Checker.py [OK] Fichero /var/www/html/Register/WifiConnect.cfgencontrado
20:57:45 File Wifi_Checker.py [INFO]WIFI
20:57:45 File Wifi_Checker.py [INFO]SECURITY
20:57:45 File Wifi_Checker.py [OK] Leer fichero de configuracion
20:57:45 File Wifi_Checker.py [OK] Credenciales configuradas
20:57:45 File Wifi_Checker.py [ERROR] Credenciales erroneas o inexistentes en /etc/network/interfaces
192.168.43.20921:01:10File Connect_Checker.py [INFO] NO REBOOT: credenciales correctas
21:03:19 File ConfigAP.py [INFO] - AP Inactiva
21:03:19 File ConfigAP.py [OK] - ON
21:24:27 File ConfigAP.py [INFO] - AP Inactiva
21:24:27 File ConfigAP.py [INFO] - AP Inactiva
21:24:27 File ConfigAP.py [OK] - ON
21:24:27File Connect_Checker.py [INFO] REBOOT: por credenciales erroneas
21:25:00 File ConfigAP.py [INFO] - AP Activa
21:25:00File Connect_Checker.py [INFO] NO REBOOT: credenciales correctas
21:26:24 File ConfigAP.py [INFO] - AP Inactiva
21:26:24 File ConfigAP.py [INFO] - AP Inactiva
21:26:24 File ConfigAP.py [OK] - ON
21:26:24File Connect_Checker.py [INFO] REBOOT: por credenciales erroneas
192.168.43.20921:30:31File Connect_Checker.py [INFO] NO REBOOT: credenciales correctas
21:42:42 File ConfigAP.py [INFO] - AP Activa
21:42:42File Connect_Checker.py [INFO] NO REBOOT: credenciales correctas
21:44:43 File ConfigAP.py [INFO] - AP Inactiva
21:44:43 File ConfigAP.py [INFO] - AP Inactiva
21:44:43 File ConfigAP.py [OK] - ON
21:44:43File Connect_Checker.py [INFO] REBOOT: por credenciales erroneas
192.168.43.20921:46:50File Connect_Checker.py [INFO] NO REBOOT: credenciales correctas
21:51:38 File ConfigAP.py [INFO] - AP Inactiva
21:51:38 File ConfigAP.py [INFO] - AP Inactiva
21:51:38 File ConfigAP.py [OK] - ON
21:51:38File Connect_Checker.py [INFO] REBOOT: por credenciales erroneas
192.168.43.20921:52:26File Connect_Checker.py [INFO] NO REBOOT: credenciales correctas
21:55:18 File ConfigAP.py [INFO] - AP Activa
21:55:18File Connect_Checker.py [INFO] NO REBOOT: credenciales correctas
23:15:28 File ConfigAP.py [INFO] - AP Inactiva
23:15:28 File ConfigAP.py [INFO] - AP Inactiva
23:15:28 File ConfigAP.py [OK] - ON
23:15:28File Connect_Checker.py [INFO] REBOOT: por credenciales erroneas
192.168.43.20923:22:54File Connect_Checker.py [INFO] NO REBOOT: credenciales correctas
192.168.43.20923:23:54File Connect_Checker.py [INFO] NO REBOOT: credenciales correctas
23:25:28 File ConfigAP.py [INFO] - AP Activa
23:25:28File Connect_Checker.py [INFO] NO REBOOT: credenciales correctas
23:26:20 File ConfigAP.py [INFO] - AP Inactiva
23:26:20 File ConfigAP.py [INFO] - AP Inactiva
23:26:20 File ConfigAP.py [OK] - ON
23:26:20File Connect_Checker.py [INFO] REBOOT: por credenciales erroneas
23:30:21 File ConfigAP.py [INFO] - AP Inactiva
23:30:21 File ConfigAP.py [INFO] - AP Inactiva
23:30:21 File ConfigAP.py [OK] - ON
23:30:21File Connect_Checker.py [INFO] REBOOT: por credenciales erroneas
192.168.43.20923:33:01File Connect_Checker.py [INFO] NO REBOOT: credenciales correctas
192.168.43.20923:34:17File Connect_Checker.py [INFO] NO REBOOT: credenciales correctas
